<?xml version="1.0" encoding="UTF-8"?>
<!-- Generated by org.testng.reporters.JUnitReportReporter -->
<testsuite hostname="P3000798" failures="0" tests="1" name="Test_Api_auth_services.Post_fetchAllResources" time="3.148" errors="0" timestamp="2023-10-12T15:45:12 IST" skipped="0">
  <testcase classname="Test_Api_auth_services.Post_fetchAllResources" name="fetch_all_users" time="3.148"/>
</testsuite> <!-- Test_Api_auth_services.Post_fetchAllResources -->
