<?xml version="1.0" encoding="UTF-8"?>
<!-- Generated by org.testng.reporters.JUnitReportReporter -->
<testsuite hostname="P3000798" failures="0" tests="1" name="Test_Api_user_management.Delete_userDeactivate" time="21.886" errors="0" timestamp="2023-10-12T14:33:22 IST" skipped="0">
  <testcase classname="Test_Api_user_management.Delete_userDeactivate" name="user_deactivate" time="21.886"/>
</testsuite> <!-- Test_Api_user_management.Delete_userDeactivate -->
