<?xml version="1.0" encoding="UTF-8"?>
<!-- Generated by org.testng.reporters.JUnitReportReporter -->
<testsuite hostname="P3000798" failures="0" tests="1" name="Test_Api.Get_userList" time="2.429" errors="0" timestamp="2023-10-11T15:32:37 IST" skipped="0">
  <testcase classname="Test_Api.Get_userList" name="userlist" time="2.429"/>
</testsuite> <!-- Test_Api.Get_userList -->
