<?xml version="1.0" encoding="UTF-8"?>
<!-- Generated by org.testng.reporters.JUnitReportReporter -->
<testsuite hostname="P3000798" failures="0" tests="1" name="Test_Api_user_management.Put_userResetPassword" time="3.591" errors="0" timestamp="2023-10-12T13:06:43 IST" skipped="0">
  <testcase classname="Test_Api_user_management.Put_userResetPassword" name="user_reset_password" time="3.591"/>
</testsuite> <!-- Test_Api_user_management.Put_userResetPassword -->
