<?xml version="1.0" encoding="UTF-8"?>
<!-- Generated by org.testng.reporters.JUnitReportReporter -->
<testsuite hostname="P3000798" failures="0" tests="1" name="pageobjectmodel.Mainclass2" time="14.005" errors="0" timestamp="2023-07-25T14:23:30 IST" skipped="0">
  <testcase classname="pageobjectmodel.Mainclass2" name="login" time="14.005"/>
</testsuite> <!-- pageobjectmodel.Mainclass2 -->
