<?xml version="1.0" encoding="UTF-8"?>
<!-- Generated by org.testng.reporters.JUnitReportReporter -->
<testsuite hostname="P3000798" failures="0" tests="5" name="Pitaya_user.Mainclass" time="86.027" errors="0" timestamp="2023-09-01T13:05:49 IST" skipped="0">
  <testcase classname="Pitaya_user.Mainclass" name="login" time="3.571"/>
  <testcase classname="Pitaya_user.Mainclass" name="newtasks" time="16.370"/>
  <testcase classname="Pitaya_user.Mainclass" name="completesubtask" time="18.816"/>
  <testcase classname="Pitaya_user.Mainclass" name="blockedsubtask" time="18.934"/>
  <testcase classname="Pitaya_user.Mainclass" name="storeinsights" time="28.336"/>
</testsuite> <!-- Pitaya_user.Mainclass -->
