<?xml version="1.0" encoding="UTF-8"?>
<!-- Generated by org.testng.reporters.JUnitReportReporter -->
<testsuite hostname="P3000798" failures="0" tests="1" name="Test_Api_user_management.Put_userEdit" time="2.981" errors="0" timestamp="2023-10-12T13:18:59 IST" skipped="0">
  <testcase classname="Test_Api_user_management.Put_userEdit" name="user_edit" time="2.981"/>
</testsuite> <!-- Test_Api_user_management.Put_userEdit -->
