<?xml version="1.0" encoding="UTF-8"?>
<!-- Generated by org.testng.reporters.JUnitReportReporter -->
<testsuite hostname="P3000798" failures="0" tests="2" name="Pitaya_CS_admin.Mainclass" time="55.110" errors="0" timestamp="2023-09-04T15:08:55 IST" skipped="0">
  <testcase classname="Pitaya_CS_admin.Mainclass" name="login" time="7.397"/>
  <testcase classname="Pitaya_CS_admin.Mainclass" name="add_store" time="47.713"/>
</testsuite> <!-- Pitaya_CS_admin.Mainclass -->
