<?xml version="1.0" encoding="UTF-8"?>
<!-- Generated by org.testng.reporters.JUnitReportReporter -->
<testsuite hostname="P3000798" failures="0" tests="1" name="Test_Api_user_management.Get_userList" time="20.052" errors="0" timestamp="2023-10-12T15:27:05 IST" skipped="0">
  <testcase classname="Test_Api_user_management.Get_userList" name="user_list" time="20.052"/>
</testsuite> <!-- Test_Api_user_management.Get_userList -->
