<?xml version="1.0" encoding="UTF-8"?>
<!-- Generated by org.testng.reporters.JUnitReportReporter -->
<testsuite hostname="P3000798" failures="0" tests="2" name="Pitaya.Mainclass" time="31.673" errors="0" timestamp="2023-08-26T13:13:48 IST" skipped="0">
  <testcase classname="Pitaya.Mainclass" name="login" time="3.496"/>
  <testcase classname="Pitaya.Mainclass" name="storeinsights" time="28.177"/>
</testsuite> <!-- Pitaya.Mainclass -->
