<?xml version="1.0" encoding="UTF-8"?>
<!-- Generated by org.testng.reporters.JUnitReportReporter -->
<testsuite hostname="P3000798" failures="0" tests="1" name="Test_Api_user_management.Post_userRegister" time="8.495" errors="0" timestamp="2023-10-12T12:56:00 IST" skipped="0">
  <testcase classname="Test_Api_user_management.Post_userRegister" name="user_register" time="8.495"/>
</testsuite> <!-- Test_Api_user_management.Post_userRegister -->
