<?xml version="1.0" encoding="UTF-8"?>
<!-- Generated by org.testng.reporters.JUnitReportReporter -->
<testsuite hostname="P3000798" failures="0" tests="1" name="Examplepitaya.Pitayasample" time="49.108" errors="0" timestamp="2023-08-25T12:12:41 IST" skipped="0">
  <testcase classname="Examplepitaya.Pitayasample" name="login" time="49.108"/>
</testsuite> <!-- Examplepitaya.Pitayasample -->
